<?xml version="1.0" encoding="UTF-8"?>
<!-- Generated by org.testng.reporters.JUnitXMLReporter -->
<testsuite ignored="2" hostname="DESKTOP-R4ETFCJ" failures="0" tests="4" name="TestRunner-chrome" time="0.078" errors="0" timestamp="2022-01-22T12:29:53 IST">
  <testcase classname="com.vtiger.comcast.generiUtility.BaseAnnotationClass" name="@BeforeClass Launchbrowser" time="-1.642834793093E9">
    <failure type="org.testng.TestNGException" message="
Can inject only one of &amp;lt;ITestContext, XmlTest&amp;gt; into a @BeforeClass annotated Launchbrowser.
For more information on native dependency injection please refer to https://testng.org/doc/documentation-main.html#native-dependency-injection">
      <![CDATA[org.testng.TestNGException: 
Can inject only one of <ITestContext, XmlTest> into a @BeforeClass annotated Launchbrowser.
For more information on native dependency injection please refer to https://testng.org/doc/documentation-main.html#native-dependency-injection
at java.base/java.util.ArrayList.forEach(ArrayList.java:1511)
at java.base/java.util.concurrent.FutureTask.run(FutureTask.java:264)
at java.base/java.util.concurrent.ThreadPoolExecutor.runWorker(ThreadPoolExecutor.java:1136)
at java.base/java.util.concurrent.ThreadPoolExecutor$Worker.run(ThreadPoolExecutor.java:635)
at java.base/java.lang.Thread.run(Thread.java:833)
... Removed 13 stack frames]]>
    </failure>
  </testcase> <!-- @BeforeClass Launchbrowser -->
  <testcase classname="com.vtiger.comcast.generiUtility.BaseAnnotationClass" name="@BeforeClass Launchbrowser" time="-1.642834793093E9">
    <failure type="org.testng.TestNGException" message="
Can inject only one of &amp;lt;ITestContext, XmlTest&amp;gt; into a @BeforeClass annotated Launchbrowser.
For more information on native dependency injection please refer to https://testng.org/doc/documentation-main.html#native-dependency-injection">
      <![CDATA[org.testng.TestNGException: 
Can inject only one of <ITestContext, XmlTest> into a @BeforeClass annotated Launchbrowser.
For more information on native dependency injection please refer to https://testng.org/doc/documentation-main.html#native-dependency-injection
at java.base/java.util.ArrayList.forEach(ArrayList.java:1511)
at java.base/java.util.concurrent.FutureTask.run(FutureTask.java:264)
at java.base/java.util.concurrent.ThreadPoolExecutor.runWorker(ThreadPoolExecutor.java:1136)
at java.base/java.util.concurrent.ThreadPoolExecutor$Worker.run(ThreadPoolExecutor.java:635)
at java.base/java.lang.Thread.run(Thread.java:833)
... Removed 13 stack frames]]>
    </failure>
  </testcase> <!-- @BeforeClass Launchbrowser -->
  <testcase classname="com.vtiger.comcast.generiUtility.BaseAnnotationClass" name="@BeforeMethod configlog" time="-1.64283479311E9">
    <skipped/>
  </testcase> <!-- @BeforeMethod configlog -->
  <testcase classname="com.vtiger.comcast.generiUtility.BaseAnnotationClass" name="@BeforeMethod configlog" time="-1.64283479311E9">
    <skipped/>
  </testcase> <!-- @BeforeMethod configlog -->
  <testcase classname="com.vtiger.comcast.generiUtility.BaseAnnotationClass" name="@AfterMethod confilogout" time="-1.642834793121E9">
    <skipped/>
  </testcase> <!-- @AfterMethod confilogout -->
  <testcase classname="com.vtiger.comcast.generiUtility.BaseAnnotationClass" name="@AfterMethod confilogout" time="-1.642834793123E9">
    <skipped/>
  </testcase> <!-- @AfterMethod confilogout -->
  <testcase classname="com.vtiger.comcast.generiUtility.BaseAnnotationClass" name="@BeforeMethod configlog" time="-1.642834793126E9">
    <skipped/>
  </testcase> <!-- @BeforeMethod configlog -->
  <testcase classname="com.vtiger.comcast.generiUtility.BaseAnnotationClass" name="@BeforeMethod configlog" time="-1.642834793125E9">
    <skipped/>
  </testcase> <!-- @BeforeMethod configlog -->
  <testcase classname="com.vtiger.comcast.generiUtility.BaseAnnotationClass" name="@AfterMethod confilogout" time="-1.642834793133E9">
    <skipped/>
  </testcase> <!-- @AfterMethod confilogout -->
  <testcase classname="com.vtiger.comcast.generiUtility.BaseAnnotationClass" name="@AfterMethod confilogout" time="-1.642834793134E9">
    <skipped/>
  </testcase> <!-- @AfterMethod confilogout -->
  <testcase classname="com.vtiger.comcast.generiUtility.BaseAnnotationClass" name="@AfterClass closebrowser" time="-1.642834793135E9">
    <skipped/>
  </testcase> <!-- @AfterClass closebrowser -->
  <testcase classname="com.vtiger.comcast.generiUtility.BaseAnnotationClass" name="@AfterClass closebrowser" time="-1.642834793135E9">
    <skipped/>
  </testcase> <!-- @AfterClass closebrowser -->
  <testcase classname="com.vtiger.comcast.generiUtility.BaseAnnotationClass" name="@BeforeClass Launchbrowser" time="-1.642834793136E9">
    <failure type="org.testng.TestNGException" message="
Can inject only one of &amp;lt;ITestContext, XmlTest&amp;gt; into a @BeforeClass annotated Launchbrowser.
For more information on native dependency injection please refer to https://testng.org/doc/documentation-main.html#native-dependency-injection">
      <![CDATA[org.testng.TestNGException: 
Can inject only one of <ITestContext, XmlTest> into a @BeforeClass annotated Launchbrowser.
For more information on native dependency injection please refer to https://testng.org/doc/documentation-main.html#native-dependency-injection
at java.base/java.util.ArrayList.forEach(ArrayList.java:1511)
at java.base/java.util.concurrent.FutureTask.run(FutureTask.java:264)
at java.base/java.util.concurrent.ThreadPoolExecutor.runWorker(ThreadPoolExecutor.java:1136)
at java.base/java.util.concurrent.ThreadPoolExecutor$Worker.run(ThreadPoolExecutor.java:635)
at java.base/java.lang.Thread.run(Thread.java:833)
... Removed 13 stack frames]]>
    </failure>
  </testcase> <!-- @BeforeClass Launchbrowser -->
  <testcase classname="com.vtiger.comcast.generiUtility.BaseAnnotationClass" name="@BeforeMethod configlog" time="-1.642834793137E9">
    <skipped/>
  </testcase> <!-- @BeforeMethod configlog -->
  <testcase classname="com.vtiger.comcast.generiUtility.BaseAnnotationClass" name="@BeforeClass Launchbrowser" time="-1.642834793138E9">
    <failure type="org.testng.TestNGException" message="
Can inject only one of &amp;lt;ITestContext, XmlTest&amp;gt; into a @BeforeClass annotated Launchbrowser.
For more information on native dependency injection please refer to https://testng.org/doc/documentation-main.html#native-dependency-injection">
      <![CDATA[org.testng.TestNGException: 
Can inject only one of <ITestContext, XmlTest> into a @BeforeClass annotated Launchbrowser.
For more information on native dependency injection please refer to https://testng.org/doc/documentation-main.html#native-dependency-injection
at java.base/java.util.ArrayList.forEach(ArrayList.java:1511)
at java.base/java.util.concurrent.FutureTask.run(FutureTask.java:264)
at java.base/java.util.concurrent.ThreadPoolExecutor.runWorker(ThreadPoolExecutor.java:1136)
at java.base/java.util.concurrent.ThreadPoolExecutor$Worker.run(ThreadPoolExecutor.java:635)
at java.base/java.lang.Thread.run(Thread.java:833)
... Removed 13 stack frames]]>
    </failure>
  </testcase> <!-- @BeforeClass Launchbrowser -->
  <testcase classname="com.vtiger.comcast.generiUtility.BaseAnnotationClass" name="@BeforeMethod configlog" time="-1.642834793141E9">
    <skipped/>
  </testcase> <!-- @BeforeMethod configlog -->
  <testcase classname="com.vtiger.comcast.generiUtility.BaseAnnotationClass" name="@AfterMethod confilogout" time="-1.642834793143E9">
    <skipped/>
  </testcase> <!-- @AfterMethod confilogout -->
  <testcase classname="com.vtiger.comcast.generiUtility.BaseAnnotationClass" name="@BeforeMethod configlog" time="-1.642834793145E9">
    <skipped/>
  </testcase> <!-- @BeforeMethod configlog -->
  <testcase classname="com.vtiger.comcast.generiUtility.BaseAnnotationClass" name="@AfterMethod confilogout" time="-1.642834793146E9">
    <skipped/>
  </testcase> <!-- @AfterMethod confilogout -->
  <testcase classname="com.vtiger.comcast.generiUtility.BaseAnnotationClass" name="@AfterMethod confilogout" time="-1.642834793149E9">
    <skipped/>
  </testcase> <!-- @AfterMethod confilogout -->
  <testcase classname="com.vtiger.comcast.generiUtility.BaseAnnotationClass" name="@BeforeMethod configlog" time="-1.642834793149E9">
    <skipped/>
  </testcase> <!-- @BeforeMethod configlog -->
  <testcase classname="com.vtiger.comcast.generiUtility.BaseAnnotationClass" name="@AfterClass closebrowser" time="-1.64283479315E9">
    <skipped/>
  </testcase> <!-- @AfterClass closebrowser -->
  <testcase classname="com.vtiger.comcast.generiUtility.BaseAnnotationClass" name="@AfterMethod confilogout" time="-1.642834793153E9">
    <skipped/>
  </testcase> <!-- @AfterMethod confilogout -->
  <testcase classname="com.vtiger.comcast.generiUtility.BaseAnnotationClass" name="@AfterClass closebrowser" time="-1.642834793155E9">
    <skipped/>
  </testcase> <!-- @AfterClass closebrowser -->
  <testcase classname="com.vtiger.comcast.contact.TestNgcontact" name="createcontact" time="0.0">
    <skipped/>
  </testcase> <!-- createcontact -->
  <testcase classname="com.vtiger.comcast.contact.TestNgcontact" name="createcontact1" time="0.0">
    <skipped/>
  </testcase> <!-- createcontact1 -->
  <testcase classname="com.vtiger.comcast.organizationtest.TestNgorganization" name="createorganization" time="0.0">
    <skipped/>
  </testcase> <!-- createorganization -->
  <testcase classname="com.vtiger.comcast.organizationtest.TestNgorganization" name="createorganizationindustry" time="0.0">
    <skipped/>
  </testcase> <!-- createorganizationindustry -->
  <testcase classname="com.vtiger.comcast.generiUtility.BaseAnnotationClass" name="@BeforeSuite configBS" time="0.0">
    <ignored/>
  </testcase> <!-- @BeforeSuite configBS -->
  <testcase classname="com.vtiger.comcast.generiUtility.BaseAnnotationClass" name="@AfterSuite config" time="0.0">
    <ignored/>
  </testcase> <!-- @AfterSuite config -->
</testsuite> <!-- TestRunner-chrome -->
